<?xml version="1.0" encoding="UTF-8"?>
<!-- Generated by org.testng.reporters.JUnitReportReporter -->
<testsuite hostname="AASHYD-847B8Y2" failures="0" tests="5" name="com.advrt.testcases.AD_AllowGuestLoginTest1" time="168.068" errors="0" timestamp="2024-01-17T09:20:46 IST" skipped="0">
  <testcase classname="com.advrt.testcases.AD_AllowGuestLoginTest1" name="AD_GL07" time="42.046"/>
  <testcase classname="com.advrt.testcases.AD_AllowGuestLoginTest1" name="AD_GL09" time="22.427"/>
  <testcase classname="com.advrt.testcases.AD_AllowGuestLoginTest1" name="AD_GL04" time="20.315"/>
  <testcase classname="com.advrt.testcases.AD_AllowGuestLoginTest1" name="AD_GL06" time="42.119"/>
  <testcase classname="com.advrt.testcases.AD_AllowGuestLoginTest1" name="AD_GL05" time="41.161"/>
</testsuite> <!-- com.advrt.testcases.AD_AllowGuestLoginTest1 -->
