<?xml version="1.0" encoding="UTF-8"?>
<!-- Generated by org.testng.reporters.JUnitReportReporter -->
<testsuite hostname="AASHYD-847B8Y2" failures="0" tests="8" name="com.advrt.testcases.AD_SearchGroup" time="196.059" errors="0" timestamp="2024-01-17T09:54:10 IST" skipped="0">
  <testcase classname="com.advrt.testcases.AD_SearchGroup" name="SG001" time="19.457"/>
  <testcase classname="com.advrt.testcases.AD_SearchGroup" name="SG002" time="21.157"/>
  <testcase classname="com.advrt.testcases.AD_SearchGroup" name="SG003" time="31.170"/>
  <testcase classname="com.advrt.testcases.AD_SearchGroup" name="SG004" time="26.699"/>
  <testcase classname="com.advrt.testcases.AD_SearchGroup" name="SG005" time="27.658"/>
  <testcase classname="com.advrt.testcases.AD_SearchGroup" name="SG006" time="24.604"/>
  <testcase classname="com.advrt.testcases.AD_SearchGroup" name="SG007" time="26.656"/>
  <testcase classname="com.advrt.testcases.AD_SearchGroup" name="SG008" time="18.658"/>
</testsuite> <!-- com.advrt.testcases.AD_SearchGroup -->
