<?xml version="1.0" encoding="UTF-8"?>
<!-- Generated by org.testng.reporters.JUnitReportReporter -->
<testsuite hostname="AASHYD-847B8Y2" failures="0" tests="18" name="com.advrt.testcases.AD_LoginTest" time="182.657" errors="0" timestamp="2024-01-17T09:48:58 IST" skipped="0">
  <testcase classname="com.advrt.testcases.AD_LoginTest" name="Login03" time="8.252"/>
  <testcase classname="com.advrt.testcases.AD_LoginTest" name="Login25" time="12.671"/>
  <testcase classname="com.advrt.testcases.AD_LoginTest" name="Login10" time="8.540"/>
  <testcase classname="com.advrt.testcases.AD_LoginTest" name="Login01" time="13.914"/>
  <testcase classname="com.advrt.testcases.AD_LoginTest" name="Login05" time="8.293"/>
  <testcase classname="com.advrt.testcases.AD_LoginTest" name="Login18" time="8.247"/>
  <testcase classname="com.advrt.testcases.AD_LoginTest" name="Login02" time="8.245"/>
  <testcase classname="com.advrt.testcases.AD_LoginTest" name="Login08" time="8.228"/>
  <testcase classname="com.advrt.testcases.AD_LoginTest" name="Login15" time="18.037"/>
  <testcase classname="com.advrt.testcases.AD_LoginTest" name="Login04" time="13.418"/>
  <testcase classname="com.advrt.testcases.AD_LoginTest" name="Login14" time="8.331"/>
  <testcase classname="com.advrt.testcases.AD_LoginTest" name="Login11" time="8.261"/>
  <testcase classname="com.advrt.testcases.AD_LoginTest" name="Login06" time="8.188"/>
  <testcase classname="com.advrt.testcases.AD_LoginTest" name="Login17" time="12.391"/>
  <testcase classname="com.advrt.testcases.AD_LoginTest" name="Login13" time="8.407"/>
  <testcase classname="com.advrt.testcases.AD_LoginTest" name="Login16" time="8.278"/>
  <testcase classname="com.advrt.testcases.AD_LoginTest" name="Login12" time="8.318"/>
  <testcase classname="com.advrt.testcases.AD_LoginTest" name="Login24" time="12.638"/>
</testsuite> <!-- com.advrt.testcases.AD_LoginTest -->
