<?xml version="1.0" encoding="UTF-8"?>
<!-- Generated by org.testng.reporters.JUnitReportReporter -->
<testsuite hostname="AASHYD-847B8Y2" failures="0" tests="10" name="com.advrt.testcases.AD_Equipment_Sup_AuditTest" time="478.568" errors="0" timestamp="2023-12-27T12:59:16 IST" skipped="0">
  <testcase classname="com.advrt.testcases.AD_Equipment_Sup_AuditTest" name="AD_Equipment_Audit_018" time="121.336"/>
  <testcase classname="com.advrt.testcases.AD_Equipment_Sup_AuditTest" name="AD_Equipment_Audit_016" time="13.454"/>
  <testcase classname="com.advrt.testcases.AD_Equipment_Sup_AuditTest" name="AD_Equipment_Audit_017" time="13.337"/>
  <testcase classname="com.advrt.testcases.AD_Equipment_Sup_AuditTest" name="AD_Equipment_Audit_013" time="46.520"/>
  <testcase classname="com.advrt.testcases.AD_Equipment_Sup_AuditTest" name="AD_Equipment_Audit_012" time="15.600"/>
  <testcase classname="com.advrt.testcases.AD_Equipment_Sup_AuditTest" name="AD_Equipment_Audit_019" time="13.482"/>
  <testcase classname="com.advrt.testcases.AD_Equipment_Sup_AuditTest" name="AD_Equipment_Audit_021" time="91.968"/>
  <testcase classname="com.advrt.testcases.AD_Equipment_Sup_AuditTest" name="AD_Equipment_Audit_009" time="13.427"/>
  <testcase classname="com.advrt.testcases.AD_Equipment_Sup_AuditTest" name="AD_Equipment_Audit_014" time="60.755"/>
  <testcase classname="com.advrt.testcases.AD_Equipment_Sup_AuditTest" name="AD_Equipment_Audit_015" time="88.689"/>
</testsuite> <!-- com.advrt.testcases.AD_Equipment_Sup_AuditTest -->
