<?xml version="1.0" encoding="UTF-8"?>
<!-- Generated by org.testng.reporters.JUnitReportReporter -->
<testsuite hostname="AASHYD-4B6B2X2" failures="0" tests="1" name="com.advrt.testcases.AD_FM_Syncout_Audit" time="27.399" errors="0" timestamp="2024-02-21T12:42:48 IST" skipped="0">
  <testcase classname="com.advrt.testcases.AD_FM_Syncout_Audit" name="AD_SYNCOUT_011" time="27.399"/>
</testsuite> <!-- com.advrt.testcases.AD_FM_Syncout_Audit -->
