<?xml version="1.0" encoding="UTF-8"?>
<!-- Generated by org.testng.reporters.JUnitReportReporter -->
<testsuite hostname="AASHYD-847B8Y2" failures="0" tests="3" name="com.advrt.testcases.AD_AllowGuestLoginTest" time="126.121" errors="0" timestamp="2024-01-17T09:16:48 IST" skipped="0">
  <testcase classname="com.advrt.testcases.AD_AllowGuestLoginTest" name="AD_GL08" time="98.499"/>
  <testcase classname="com.advrt.testcases.AD_AllowGuestLoginTest" name="AD_GL02" time="13.834"/>
  <testcase classname="com.advrt.testcases.AD_AllowGuestLoginTest" name="AD_GL01" time="13.788"/>
</testsuite> <!-- com.advrt.testcases.AD_AllowGuestLoginTest -->
