<?xml version="1.0" encoding="UTF-8"?>
<!-- Generated by org.testng.reporters.JUnitReportReporter -->
<testsuite hostname="AASHYD-847B8Y2" failures="0" tests="1" name="com.advrt.testcases.AD_PrivilageAccessTest" time="110.340" errors="0" timestamp="2023-12-27T14:41:27 IST" skipped="0">
  <testcase classname="com.advrt.testcases.AD_PrivilageAccessTest" name="PA0027" time="110.340"/>
</testsuite> <!-- com.advrt.testcases.AD_PrivilageAccessTest -->
