<?xml version="1.0" encoding="UTF-8"?>
<!-- Generated by org.testng.reporters.JUnitReportReporter -->
<testsuite hostname="AASHYD-847B8Y2" failures="0" tests="3" name="com.advrt.testcases.AD_Synin_outTest" time="121.096" errors="0" timestamp="2024-01-17T11:01:27 IST" skipped="0">
  <testcase classname="com.advrt.testcases.AD_Synin_outTest" name="AD_Syncin08" time="31.691"/>
  <testcase classname="com.advrt.testcases.AD_Synin_outTest" name="AD_Syncin10" time="32.416"/>
  <testcase classname="com.advrt.testcases.AD_Synin_outTest" name="AD_Syncin09" time="56.989"/>
</testsuite> <!-- com.advrt.testcases.AD_Synin_outTest -->
