<?xml version="1.0" encoding="UTF-8"?>
<!-- Generated by org.testng.reporters.JUnitReportReporter -->
<testsuite hostname="AASHYD-4B6B2X2" failures="0" tests="1" name="com.advrt.testcases.AD_FM_Syncout_Audit_SupervisorTest" time="16.316" errors="0" timestamp="2024-02-27T17:11:35 IST" skipped="0">
  <testcase classname="com.advrt.testcases.AD_FM_Syncout_Audit_SupervisorTest" name="AD_SYNCOUT_022" time="16.316"/>
</testsuite> <!-- com.advrt.testcases.AD_FM_Syncout_Audit_SupervisorTest -->
