<?xml version="1.0" encoding="UTF-8"?>
<!-- Generated by org.testng.reporters.JUnitReportReporter -->
<testsuite hostname="AASHYD-847B8Y2" failures="1" tests="1" name="com.advrt.testcases.AD_Asset_Ope_AuditTest" time="299.327" errors="0" timestamp="2023-12-21T11:30:38 IST" skipped="0">
  <testcase classname="com.advrt.testcases.AD_Asset_Ope_AuditTest" name="AD_Asset_Audit_057" time="299.327">
    <failure message="The following asserts failed:
	expected [Asset Calibration Frequency&quot; field of Ast057 updated from Months to Weeks by User Id : &quot;Ruchika1&quot; , User Name : &quot;Ruchika1&quot;] but found [Asset Calibration Frequency&quot; field of Ast057 updated from Months to Years by User Id : &quot;Ruchika1&quot; , User Name : &quot;Ruchika1&quot;],
	expected [Asset Calibration Frequency&quot; field of Ast057 updated from Weeks to Months by User Id : &quot;Ruchika1&quot; , User Name : &quot;Ruchika1&quot;] but found [User ID : &quot;Ruchika1&quot; ,  User Name: &quot;Ruchika1&quot; logged in to do  &quot;ModifyAssets&quot; operation in &quot;Edit Asset&quot; screen],
	expected [Asset Calibration Frequency&quot; field of Ast057 updated from Months to Years by User Id : &quot;Ruchika1&quot; , User Name : &quot;Ruchika1&quot;] but found [User ID : &quot;Ruchika1&quot; ,  User Name: &quot;Ruchika1&quot; logged in to do  &quot;ModifyAssets&quot; operation in &quot;Edit Asset&quot; screen]" type="java.lang.AssertionError">
      <![CDATA[java.lang.AssertionError: The following asserts failed:
expected [Asset Calibration Frequency" field of Ast057 updated from Months to Weeks by User Id : "Ruchika1" , User Name : "Ruchika1"] but found [Asset Calibration Frequency" field of Ast057 updated from Months to Years by User Id : "Ruchika1" , User Name : "Ruchika1"],
expected [Asset Calibration Frequency" field of Ast057 updated from Weeks to Months by User Id : "Ruchika1" , User Name : "Ruchika1"] but found [User ID : "Ruchika1" ,  User Name: "Ruchika1" logged in to do  "ModifyAssets" operation in "Edit Asset" screen],
expected [Asset Calibration Frequency" field of Ast057 updated from Months to Years by User Id : "Ruchika1" , User Name : "Ruchika1"] but found [User ID : "Ruchika1" ,  User Name: "Ruchika1" logged in to do  "ModifyAssets" operation in "Edit Asset" screen]
at org.testng.asserts.SoftAssert.assertAll(SoftAssert.java:46)
at org.testng.asserts.SoftAssert.assertAll(SoftAssert.java:30)
at com.advrt.testcases.AD_Asset_Ope_AuditTest.AD_Asset_Audit_057(AD_Asset_Ope_AuditTest.java:658)
at java.base/jdk.internal.reflect.NativeMethodAccessorImpl.invoke0(Native Method)
at java.base/jdk.internal.reflect.NativeMethodAccessorImpl.invoke(NativeMethodAccessorImpl.java:77)
at java.base/jdk.internal.reflect.DelegatingMethodAccessorImpl.invoke(DelegatingMethodAccessorImpl.java:43)
at java.base/java.lang.reflect.Method.invoke(Method.java:568)
at org.testng.internal.invokers.MethodInvocationHelper.invokeMethod(MethodInvocationHelper.java:139)
at org.testng.internal.invokers.TestInvoker.invokeMethod(TestInvoker.java:664)
at org.testng.internal.invokers.TestInvoker.invokeTestMethod(TestInvoker.java:227)
at org.testng.internal.invokers.MethodRunner.runInSequence(MethodRunner.java:50)
at org.testng.internal.invokers.TestInvoker$MethodInvocationAgent.invoke(TestInvoker.java:957)
at org.testng.internal.invokers.TestInvoker.invokeTestMethods(TestInvoker.java:200)
at org.testng.internal.invokers.TestMethodWorker.invokeTestMethods(TestMethodWorker.java:148)
at org.testng.internal.invokers.TestMethodWorker.run(TestMethodWorker.java:128)
at java.base/java.util.ArrayList.forEach(ArrayList.java:1511)
at org.testng.TestRunner.privateRun(TestRunner.java:848)
at org.testng.TestRunner.run(TestRunner.java:621)
at org.testng.SuiteRunner.runTest(SuiteRunner.java:443)
at org.testng.SuiteRunner.runSequentially(SuiteRunner.java:437)
at org.testng.SuiteRunner.privateRun(SuiteRunner.java:397)
at org.testng.SuiteRunner.run(SuiteRunner.java:336)
at org.testng.SuiteRunnerWorker.runSuite(SuiteRunnerWorker.java:52)
at org.testng.SuiteRunnerWorker.run(SuiteRunnerWorker.java:95)
at org.testng.TestNG.runSuitesSequentially(TestNG.java:1280)
at org.testng.TestNG.runSuitesLocally(TestNG.java:1200)
at org.testng.TestNG.runSuites(TestNG.java:1114)
at org.testng.TestNG.run(TestNG.java:1082)
at org.testng.remote.AbstractRemoteTestNG.run(AbstractRemoteTestNG.java:115)
at org.testng.remote.RemoteTestNG.initAndRun(RemoteTestNG.java:251)
at org.testng.remote.RemoteTestNG.main(RemoteTestNG.java:77)
]]>
    </failure>
  </testcase> <!-- AD_Asset_Audit_057 -->
</testsuite> <!-- com.advrt.testcases.AD_Asset_Ope_AuditTest -->
