<?xml version="1.0" encoding="UTF-8"?>
<!-- Generated by org.testng.reporters.JUnitReportReporter -->
<testsuite hostname="AASHYD-847B8Y2" failures="0" tests="1" name="com.advrt.testcases.AD_PreferenceTest" time="19.450" errors="0" timestamp="2023-12-21T12:06:57 IST" skipped="0">
  <testcase classname="com.advrt.testcases.AD_PreferenceTest" name="ADP01" time="19.450"/>
</testsuite> <!-- com.advrt.testcases.AD_PreferenceTest -->
