<?xml version="1.0" encoding="UTF-8"?>
<!-- Generated by org.testng.reporters.JUnitReportReporter -->
<testsuite hostname="AASHYD-847B8Y2" failures="0" tests="8" name="com.advrt.testcases.AD_FileManagementTest" time="212.124" errors="0" timestamp="2024-01-17T10:34:42 IST" skipped="0">
  <testcase classname="com.advrt.testcases.AD_FileManagementTest" name="FM01" time="18.534"/>
  <testcase classname="com.advrt.testcases.AD_FileManagementTest" name="FM02" time="48.291"/>
  <testcase classname="com.advrt.testcases.AD_FileManagementTest" name="FM03" time="14.323"/>
  <testcase classname="com.advrt.testcases.AD_FileManagementTest" name="FM04" time="26.957"/>
  <testcase classname="com.advrt.testcases.AD_FileManagementTest" name="FM05" time="18.426"/>
  <testcase classname="com.advrt.testcases.AD_FileManagementTest" name="FM08" time="46.172"/>
  <testcase classname="com.advrt.testcases.AD_FileManagementTest" name="FM09" time="14.330"/>
  <testcase classname="com.advrt.testcases.AD_FileManagementTest" name="FM012" time="25.091"/>
</testsuite> <!-- com.advrt.testcases.AD_FileManagementTest -->
