<?xml version="1.0" encoding="UTF-8"?>
<!-- Generated by org.testng.reporters.JUnitReportReporter -->
<testsuite hostname="AASHYD-847B8Y2" failures="0" tests="4" name="com.advrt.testcases.AD_FileManagementTest2" time="109.246" errors="0" timestamp="2024-01-17T10:39:38 IST" skipped="0">
  <testcase classname="com.advrt.testcases.AD_FileManagementTest2" name="FM07" time="39.892"/>
  <testcase classname="com.advrt.testcases.AD_FileManagementTest2" name="FM010" time="14.364"/>
  <testcase classname="com.advrt.testcases.AD_FileManagementTest2" name="FM06" time="40.757"/>
  <testcase classname="com.advrt.testcases.AD_FileManagementTest2" name="FM011" time="14.233"/>
</testsuite> <!-- com.advrt.testcases.AD_FileManagementTest2 -->
