<?xml version="1.0" encoding="UTF-8"?>
<!-- Generated by org.testng.reporters.JUnitReportReporter -->
<testsuite hostname="AASHYD-847B8Y2" failures="0" tests="1" name="com.advrt.testcases.AD_FM_Archive_OprAuditTest" time="160.315" errors="0" timestamp="2024-03-21T10:59:55 IST" skipped="0">
  <testcase classname="com.advrt.testcases.AD_FM_Archive_OprAuditTest" name="AD_Archive_033" time="160.315"/>
</testsuite> <!-- com.advrt.testcases.AD_FM_Archive_OprAuditTest -->
