<?xml version="1.0" encoding="UTF-8"?>
<!-- Generated by org.testng.reporters.JUnitReportReporter -->
<testsuite hostname="AASHYD-847B8Y2" failures="0" tests="1" name="com.advrt.testcases.AD_PrivilageAccessTest" time="136.647" errors="0" timestamp="2024-01-19T09:51:09 IST" skipped="0">
  <testcase classname="com.advrt.testcases.AD_PrivilageAccessTest" name="PA035" time="136.647"/>
</testsuite> <!-- com.advrt.testcases.AD_PrivilageAccessTest -->
