<?xml version="1.0" encoding="UTF-8"?>
<!-- Generated by org.testng.reporters.JUnitReportReporter -->
<testsuite hostname="AASHYD-847B8Y2" failures="0" tests="1" name="com.advrt.testcases.ADpopupTest" time="42.112" errors="0" timestamp="2024-01-18T13:08:42 IST" skipped="0">
  <testcase classname="com.advrt.testcases.ADpopupTest" name="AD24" time="42.112"/>
</testsuite> <!-- com.advrt.testcases.ADpopupTest -->
