<?xml version="1.0" encoding="UTF-8"?>
<!-- Generated by org.testng.reporters.JUnitReportReporter -->
<testsuite hostname="AASHYD-847B8Y2" failures="0" tests="13" name="com.advrt.testcases.AD_PreferenceTest" time="339.804" errors="0" timestamp="2024-01-17T14:24:23 IST" skipped="0">
  <testcase classname="com.advrt.testcases.AD_PreferenceTest" name="ADP01" time="20.115"/>
  <testcase classname="com.advrt.testcases.AD_PreferenceTest" name="ADP02" time="20.042"/>
  <testcase classname="com.advrt.testcases.AD_PreferenceTest" name="ADP03" time="32.326"/>
  <testcase classname="com.advrt.testcases.AD_PreferenceTest" name="ADP04" time="24.307"/>
  <testcase classname="com.advrt.testcases.AD_PreferenceTest" name="ADP05" time="19.598"/>
  <testcase classname="com.advrt.testcases.AD_PreferenceTest" name="ADP06" time="20.028"/>
  <testcase classname="com.advrt.testcases.AD_PreferenceTest" name="ADP08" time="36.717"/>
  <testcase classname="com.advrt.testcases.AD_PreferenceTest" name="ADP07" time="65.120"/>
  <testcase classname="com.advrt.testcases.AD_PreferenceTest" name="ADP09" time="19.864"/>
  <testcase classname="com.advrt.testcases.AD_PreferenceTest" name="ADP13" time="19.966"/>
  <testcase classname="com.advrt.testcases.AD_PreferenceTest" name="ADP14" time="19.898"/>
  <testcase classname="com.advrt.testcases.AD_PreferenceTest" name="ADP10" time="19.640"/>
  <testcase classname="com.advrt.testcases.AD_PreferenceTest" name="AD_Policies03" time="22.183"/>
</testsuite> <!-- com.advrt.testcases.AD_PreferenceTest -->
