<?xml version="1.0" encoding="UTF-8"?>
<!-- Generated by org.testng.reporters.JUnitReportReporter -->
<testsuite hostname="AASHYD-847B8Y2" failures="0" tests="1" name="com.advrt.testcases.AD_GuestPrivilageAccessTest1" time="57.957" errors="0" timestamp="2024-01-10T11:52:29 IST" skipped="0">
  <testcase classname="com.advrt.testcases.AD_GuestPrivilageAccessTest1" name="PA078" time="57.957"/>
</testsuite> <!-- com.advrt.testcases.AD_GuestPrivilageAccessTest1 -->
