<?xml version="1.0" encoding="UTF-8"?>
<!-- Generated by org.testng.reporters.JUnitReportReporter -->
<testsuite hostname="AASHYD-847B8Y2" failures="0" tests="10" name="com.advrt.testcases.AD_Equipment_Admin_AuditTest" time="477.381" errors="0" timestamp="2024-01-17T10:06:54 IST" skipped="0">
  <testcase classname="com.advrt.testcases.AD_Equipment_Admin_AuditTest" name="AD_Equipment_Audit_008" time="13.290"/>
  <testcase classname="com.advrt.testcases.AD_Equipment_Admin_AuditTest" name="AD_Equipment_Audit_010" time="90.809"/>
  <testcase classname="com.advrt.testcases.AD_Equipment_Admin_AuditTest" name="AD_Equipment_Audit_009" time="13.382"/>
  <testcase classname="com.advrt.testcases.AD_Equipment_Admin_AuditTest" name="AD_Equipment_Audit_003" time="61.135"/>
  <testcase classname="com.advrt.testcases.AD_Equipment_Admin_AuditTest" name="AD_Equipment_Audit_004" time="89.386"/>
  <testcase classname="com.advrt.testcases.AD_Equipment_Admin_AuditTest" name="AD_Equipment_Audit_007" time="120.688"/>
  <testcase classname="com.advrt.testcases.AD_Equipment_Admin_AuditTest" name="AD_Equipment_Audit_001" time="15.336"/>
  <testcase classname="com.advrt.testcases.AD_Equipment_Admin_AuditTest" name="AD_Equipment_Audit_006" time="13.297"/>
  <testcase classname="com.advrt.testcases.AD_Equipment_Admin_AuditTest" name="AD_Equipment_Audit_002" time="46.609"/>
  <testcase classname="com.advrt.testcases.AD_Equipment_Admin_AuditTest" name="AD_Equipment_Audit_005" time="13.449"/>
</testsuite> <!-- com.advrt.testcases.AD_Equipment_Admin_AuditTest -->
