<?xml version="1.0" encoding="UTF-8"?>
<!-- Generated by org.testng.reporters.JUnitReportReporter -->
<testsuite hostname="AASHYD-847B8Y2" failures="0" tests="10" name="com.advrt.testcases.AD_Equipment_Sup_AuditTest" time="480.755" errors="0" timestamp="2024-01-17T10:17:37 IST" skipped="0">
  <testcase classname="com.advrt.testcases.AD_Equipment_Sup_AuditTest" name="AD_Equipment_Audit_018" time="120.666"/>
  <testcase classname="com.advrt.testcases.AD_Equipment_Sup_AuditTest" name="AD_Equipment_Audit_012" time="15.584"/>
  <testcase classname="com.advrt.testcases.AD_Equipment_Sup_AuditTest" name="AD_Equipment_Audit_016" time="13.290"/>
  <testcase classname="com.advrt.testcases.AD_Equipment_Sup_AuditTest" name="AD_Equipment_Audit_021" time="93.186"/>
  <testcase classname="com.advrt.testcases.AD_Equipment_Sup_AuditTest" name="AD_Equipment_Audit_013" time="46.846"/>
  <testcase classname="com.advrt.testcases.AD_Equipment_Sup_AuditTest" name="AD_Equipment_Audit_014" time="61.079"/>
  <testcase classname="com.advrt.testcases.AD_Equipment_Sup_AuditTest" name="AD_Equipment_Audit_015" time="89.498"/>
  <testcase classname="com.advrt.testcases.AD_Equipment_Sup_AuditTest" name="AD_Equipment_Audit_019" time="13.584"/>
  <testcase classname="com.advrt.testcases.AD_Equipment_Sup_AuditTest" name="AD_Equipment_Audit_017" time="13.482"/>
  <testcase classname="com.advrt.testcases.AD_Equipment_Sup_AuditTest" name="AD_Equipment_Audit_020" time="13.540"/>
</testsuite> <!-- com.advrt.testcases.AD_Equipment_Sup_AuditTest -->
