<?xml version="1.0" encoding="UTF-8"?>
<!-- Generated by org.testng.reporters.JUnitReportReporter -->
<testsuite hostname="AASHYD-847B8Y2" failures="0" tests="1" name="com.advrt.testcases.AD_UMTest" time="18.644" errors="0" timestamp="2024-03-21T11:44:18 IST" skipped="0">
  <testcase classname="com.advrt.testcases.AD_UMTest" name="UM03" time="18.644"/>
</testsuite> <!-- com.advrt.testcases.AD_UMTest -->
