<?xml version="1.0" encoding="UTF-8"?>
<!-- Generated by org.testng.reporters.JUnitReportReporter -->
<testsuite hostname="AASHYD-847B8Y2" failures="0" tests="1" name="com.advrt.testcases.AD_Equipment_Sup_AuditTest" time="87.653" errors="0" timestamp="2024-03-22T10:27:19 IST" skipped="0">
  <testcase classname="com.advrt.testcases.AD_Equipment_Sup_AuditTest" name="AD_Equipment_Audit_021" time="87.653"/>
</testsuite> <!-- com.advrt.testcases.AD_Equipment_Sup_AuditTest -->
