<?xml version="1.0" encoding="UTF-8"?>
<!-- Generated by org.testng.reporters.JUnitReportReporter -->
<testsuite hostname="AASHYD-847B8Y2" failures="0" tests="1" name="com.advrt.testcases.ADpopupTest" time="26.838" errors="0" timestamp="2024-01-10T12:39:24 IST" skipped="0">
  <testcase classname="com.advrt.testcases.ADpopupTest" name="AD23" time="26.838"/>
</testsuite> <!-- com.advrt.testcases.ADpopupTest -->
