<?xml version="1.0" encoding="UTF-8"?>
<!-- Generated by org.testng.reporters.JUnitReportReporter -->
<testsuite hostname="AASHYD-847B8Y2" failures="0" tests="3" name="com.advrt.testcases.AD_PolicyTest" time="72.192" errors="0" timestamp="2024-01-17T09:56:51 IST" skipped="0">
  <testcase classname="com.advrt.testcases.AD_PolicyTest" name="AD_Policies02" time="18.675"/>
  <testcase classname="com.advrt.testcases.AD_PolicyTest" name="AD_Policies03" time="18.385"/>
  <testcase classname="com.advrt.testcases.AD_PolicyTest" name="AD_Policies01" time="35.132"/>
</testsuite> <!-- com.advrt.testcases.AD_PolicyTest -->
