<?xml version="1.0" encoding="UTF-8"?>
<!-- Generated by org.testng.reporters.JUnitReportReporter -->
<testsuite hostname="AASHYD-847B8Y2" failures="0" tests="1" name="com.advrt.testcases.AD_FM_Archive_SupAuditTest" time="107.193" errors="0" timestamp="2024-02-14T15:05:26 IST" skipped="0">
  <testcase classname="com.advrt.testcases.AD_FM_Archive_SupAuditTest" name="AD_Archive_022" time="107.193"/>
</testsuite> <!-- com.advrt.testcases.AD_FM_Archive_SupAuditTest -->
