<?xml version="1.0" encoding="UTF-8"?>
<!-- Generated by org.testng.reporters.JUnitReportReporter -->
<testsuite hostname="AASHYD-847B8Y2" failures="0" tests="10" name="com.advrt.testcases.AD_FM_Syncin_AuditTest_Admin" time="561.928" errors="0" timestamp="2024-01-11T10:10:40 IST" skipped="0">
  <testcase classname="com.advrt.testcases.AD_FM_Syncin_AuditTest_Admin" name="AD_SYNCIN_009" time="73.798"/>
  <testcase classname="com.advrt.testcases.AD_FM_Syncin_AuditTest_Admin" name="AD_SYNCIN_006" time="13.402"/>
  <testcase classname="com.advrt.testcases.AD_FM_Syncin_AuditTest_Admin" name="AD_SYNCIN_004" time="75.084"/>
  <testcase classname="com.advrt.testcases.AD_FM_Syncin_AuditTest_Admin" name="AD_SYNCIN_003" time="75.573"/>
  <testcase classname="com.advrt.testcases.AD_FM_Syncin_AuditTest_Admin" name="AD_SYNCIN_002" time="77.473"/>
  <testcase classname="com.advrt.testcases.AD_FM_Syncin_AuditTest_Admin" name="AD_SYNCIN_007" time="70.153"/>
  <testcase classname="com.advrt.testcases.AD_FM_Syncin_AuditTest_Admin" name="AD_SYNCIN_001" time="15.703"/>
  <testcase classname="com.advrt.testcases.AD_FM_Syncin_AuditTest_Admin" name="AD_SYNCIN_008" time="71.736"/>
  <testcase classname="com.advrt.testcases.AD_FM_Syncin_AuditTest_Admin" name="AD_SYNCIN_005" time="75.551"/>
  <testcase classname="com.advrt.testcases.AD_FM_Syncin_AuditTest_Admin" name="AD_SYNCIN_011" time="13.455"/>
</testsuite> <!-- com.advrt.testcases.AD_FM_Syncin_AuditTest_Admin -->
