<?xml version="1.0" encoding="UTF-8"?>
<!-- Generated by org.testng.reporters.JUnitReportReporter -->
<testsuite hostname="AASHYD-847B8Y2" failures="0" tests="10" name="com.advrt.testcases.AD_FM_Syncin_AuditTest_Supervisor" time="561.008" errors="0" timestamp="2024-01-11T10:32:02 IST" skipped="0">
  <testcase classname="com.advrt.testcases.AD_FM_Syncin_AuditTest_Supervisor" name="AD_SYNCIN_012" time="15.726"/>
  <testcase classname="com.advrt.testcases.AD_FM_Syncin_AuditTest_Supervisor" name="AD_SYNCIN_018" time="70.558"/>
  <testcase classname="com.advrt.testcases.AD_FM_Syncin_AuditTest_Supervisor" name="AD_SYNCIN_013" time="76.433"/>
  <testcase classname="com.advrt.testcases.AD_FM_Syncin_AuditTest_Supervisor" name="AD_SYNCIN_022" time="13.319"/>
  <testcase classname="com.advrt.testcases.AD_FM_Syncin_AuditTest_Supervisor" name="AD_SYNCIN_014" time="75.835"/>
  <testcase classname="com.advrt.testcases.AD_FM_Syncin_AuditTest_Supervisor" name="AD_SYNCIN_016" time="76.173"/>
  <testcase classname="com.advrt.testcases.AD_FM_Syncin_AuditTest_Supervisor" name="AD_SYNCIN_020" time="73.295"/>
  <testcase classname="com.advrt.testcases.AD_FM_Syncin_AuditTest_Supervisor" name="AD_SYNCIN_004" time="74.393"/>
  <testcase classname="com.advrt.testcases.AD_FM_Syncin_AuditTest_Supervisor" name="AD_SYNCIN_017" time="13.332"/>
  <testcase classname="com.advrt.testcases.AD_FM_Syncin_AuditTest_Supervisor" name="AD_SYNCIN_008" time="71.944"/>
</testsuite> <!-- com.advrt.testcases.AD_FM_Syncin_AuditTest_Supervisor -->
