<?xml version="1.0" encoding="UTF-8"?>
<!-- Generated by org.testng.reporters.JUnitReportReporter -->
<testsuite hostname="AASHYD-847B8Y2" failures="0" tests="1" name="com.advrt.testcases.AD_GuestPrivilageAccessTest" time="24.891" errors="0" timestamp="2024-02-19T10:28:33 IST" skipped="0">
  <testcase classname="com.advrt.testcases.AD_GuestPrivilageAccessTest" name="PA055" time="24.891"/>
</testsuite> <!-- com.advrt.testcases.AD_GuestPrivilageAccessTest -->
