<?xml version="1.0" encoding="UTF-8"?>
<!-- Generated by org.testng.reporters.JUnitReportReporter -->
<testsuite hostname="AASHYD-847B8Y2" failures="0" tests="7" name="com.advrt.testcases.AD_DeleteStudiesTest" time="797.760" errors="0" timestamp="2024-01-17T09:44:23 IST" skipped="0">
  <testcase classname="com.advrt.testcases.AD_DeleteStudiesTest" name="AD_Deletestudy_001" time="70.795"/>
  <testcase classname="com.advrt.testcases.AD_DeleteStudiesTest" name="AD_Deletestudy_002" time="89.487"/>
  <testcase classname="com.advrt.testcases.AD_DeleteStudiesTest" name="AD_Deletestudy_006" time="115.392"/>
  <testcase classname="com.advrt.testcases.AD_DeleteStudiesTest" name="AD_Deletestudy_007" time="120.100"/>
  <testcase classname="com.advrt.testcases.AD_DeleteStudiesTest" name="AD_Deletestudy_005" time="132.119"/>
  <testcase classname="com.advrt.testcases.AD_DeleteStudiesTest" name="AD_Deletestudy_003" time="136.715"/>
  <testcase classname="com.advrt.testcases.AD_DeleteStudiesTest" name="AD_Deletestudy_004" time="133.152"/>
</testsuite> <!-- com.advrt.testcases.AD_DeleteStudiesTest -->
