<?xml version="1.0" encoding="UTF-8"?>
<!-- Generated by org.testng.reporters.JUnitReportReporter -->
<testsuite hostname="AASHYD-847B8Y2" failures="0" tests="10" name="com.advrt.testcases.AD_Equipment_Ope_AuditTest" time="480.000" errors="0" timestamp="2024-01-17T10:28:19 IST" skipped="0">
  <testcase classname="com.advrt.testcases.AD_Equipment_Ope_AuditTest" name="AD_Equipment_Audit_028" time="121.153"/>
  <testcase classname="com.advrt.testcases.AD_Equipment_Ope_AuditTest" name="AD_Equipment_Audit_022" time="15.706"/>
  <testcase classname="com.advrt.testcases.AD_Equipment_Ope_AuditTest" name="AD_Equipment_Audit_026" time="13.309"/>
  <testcase classname="com.advrt.testcases.AD_Equipment_Ope_AuditTest" name="AD_Equipment_Audit_031" time="92.342"/>
  <testcase classname="com.advrt.testcases.AD_Equipment_Ope_AuditTest" name="AD_Equipment_Audit_023" time="47.057"/>
  <testcase classname="com.advrt.testcases.AD_Equipment_Ope_AuditTest" name="AD_Equipment_Audit_024" time="60.640"/>
  <testcase classname="com.advrt.testcases.AD_Equipment_Ope_AuditTest" name="AD_Equipment_Audit_025" time="89.099"/>
  <testcase classname="com.advrt.testcases.AD_Equipment_Ope_AuditTest" name="AD_Equipment_Audit_029" time="13.564"/>
  <testcase classname="com.advrt.testcases.AD_Equipment_Ope_AuditTest" name="AD_Equipment_Audit_027" time="13.708"/>
  <testcase classname="com.advrt.testcases.AD_Equipment_Ope_AuditTest" name="AD_Equipment_Audit_030" time="13.422"/>
</testsuite> <!-- com.advrt.testcases.AD_Equipment_Ope_AuditTest -->
