<?xml version="1.0" encoding="UTF-8"?>
<!-- Generated by org.testng.reporters.JUnitReportReporter -->
<testsuite hostname="AASHYD-847B8Y2" failures="0" tests="2" name="com.advrt.testcases.AD_FMSyncinTest" time="55.093" errors="0" timestamp="2024-01-18T09:40:41 IST" skipped="0">
  <testcase classname="com.advrt.testcases.AD_FMSyncinTest" name="SYNCIN01" time="26.590"/>
  <testcase classname="com.advrt.testcases.AD_FMSyncinTest" name="SYNCIN05" time="28.503"/>
</testsuite> <!-- com.advrt.testcases.AD_FMSyncinTest -->
