<?xml version="1.0" encoding="UTF-8"?>
<!-- Generated by org.testng.reporters.JUnitReportReporter -->
<testsuite hostname="AASHYD-847B8Y2" failures="0" tests="1" name="com.advrt.testcases.AD_UMtest2" time="27.051" errors="0" timestamp="2024-03-22T11:37:54 IST" skipped="0">
  <testcase classname="com.advrt.testcases.AD_UMtest2" name="UM60" time="27.051"/>
</testsuite> <!-- com.advrt.testcases.AD_UMtest2 -->
