<?xml version="1.0" encoding="UTF-8"?>
<!-- Generated by org.testng.reporters.JUnitReportReporter -->
<testsuite hostname="INAS-LP024" failures="0" tests="1" name="com.advrt.testcases.ADpopupTest" time="30.050" errors="0" timestamp="2023-08-04T13:54:46 IST" skipped="0">
  <testcase classname="com.advrt.testcases.ADpopupTest" name="AD02" time="30.050"/>
  <system-out/>
</testsuite> <!-- com.advrt.testcases.ADpopupTest -->
