<?xml version="1.0" encoding="UTF-8"?>
<!-- Generated by org.testng.reporters.JUnitReportReporter -->
<testsuite hostname="AASHYD-847B8Y2" failures="0" tests="1" name="com.advrt.testcases.AD_Audit_TemperatureVerificationTest" time="217.778" errors="0" timestamp="2024-02-28T11:52:50 IST" skipped="0">
  <testcase classname="com.advrt.testcases.AD_Audit_TemperatureVerificationTest" name="AD_Ver_Audit_007" time="217.778"/>
</testsuite> <!-- com.advrt.testcases.AD_Audit_TemperatureVerificationTest -->
